#
# A fatal error has been detected by the Java Runtime Environment:
#
#  SIGSEGV (0xb) at pc=0x0133ea8e, pid=4898, tid=2112973680
#
# JRE version: 6.0_27-b27
# Java VM: OpenJDK Server VM (20.0-b12 mixed mode linux-x86 )
# Derivative: IcedTea6 1.12.5
# Distribution: Ubuntu 11.10, package 6b27-1.12.5-0ubuntu0.11.10.1
# Problematic frame:
# V  [libjvm.so+0x3efa8e]  jvmti_IsMethodSynthetic+0x12e
#
# If you would like to submit a bug report, please include
# instructions how to reproduce the bug and visit:
#   https://bugs.launchpad.net/ubuntu/+source/openjdk-6/
#

---------------  T H R E A D  ---------------

Current thread (0x7e2b7000):  JavaThread "JDWP Transport Listener: dt_socket" daemon [_thread_in_vm, id=4915, stack(0x7dec6000,0x7df17000)]

siginfo:si_signo=SIGSEGV: si_errno=0, si_code=1 (SEGV_MAPERR), si_addr=0x00000018

Registers:
EAX=0x00000018, EBX=0x017b3ff4, ECX=0x00000018, EDX=0x7df15e9c
ESP=0x7df15e70, EBP=0x00000063, ESI=0x7e2b7000, EDI=0x084fb7e0
EIP=0x0133ea8e, EFLAGS=0x00010206, CR2=0x00000018

Top of Stack: (sp=0x7df15e70)
0x7df15e70:   084fb7e0 7e2b7000 0014fff4 00000000
0x7df15e80:   7df15fcc 001407ac 7df15e9c 7e2b7000
0x7df15e90:   7df15fcc 00dc486f 0014fff4 7e2b7000
0x7df15ea0:   00000000 00000000 00000000 7e2b7000
0x7df15eb0:   084fb7e0 7e2e37a0 00000001 0014fff4
0x7df15ec0:   7df15f3f 00150940 7df15ef8 0013a886
0x7df15ed0:   084fb7e0 00000018 7df15f3f 0012f9e1
0x7df15ee0:   00000004 001407ac ffffffff 0014fff4 

Instructions: (pc=0x0133ea8e)
0x0133ea6e:   00 00 00 e9 18 ff ff ff 66 90 89 34 24 e8 30 52
0x0133ea7e:   1b 00 eb e5 8b 4c 24 64 85 c9 74 0e 8b 44 24 64
0x0133ea8e:   8b 08 81 f9 fe fe fe fe 75 31 bd 17 00 00 00 e9
0x0133ea9e:   5f ff ff ff 8d b6 00 00 00 00 8b 93 c4 f3 ff ff 

Register to memory mapping:

EAX=0x00000018 is an unknown value
EBX=0x017b3ff4: <offset 0x864ff4> in /usr/lib/jvm/java-6-openjdk/jre/lib/i386/server/libjvm.so at 0x00f4f000
ECX=0x00000018 is an unknown value
EDX=0x7df15e9c is pointing into the stack for thread: 0x7e2b7000
ESP=0x7df15e70 is pointing into the stack for thread: 0x7e2b7000
EBP=0x00000063 is an unknown value
ESI=0x7e2b7000 is a thread
EDI=0x084fb7e0 is an unknown value


Stack: [0x7dec6000,0x7df17000],  sp=0x7df15e70,  free space=319k
Native frames: (J=compiled Java code, j=interpreted, Vv=VM code, C=native code)
V  [libjvm.so+0x3efa8e]  jvmti_IsMethodSynthetic+0x12e


---------------  P R O C E S S  ---------------

Java Threads: ( => current thread )
  0x7e2c1000 JavaThread "Low Memory Detector" daemon [_thread_blocked, id=4925, stack(0x7dcd1000,0x7dd22000)]
  0x7e2bf000 JavaThread "C2 CompilerThread1" daemon [_thread_blocked, id=4924, stack(0x7dd22000,0x7dda3000)]
  0x7e2bd800 JavaThread "C2 CompilerThread0" daemon [_thread_blocked, id=4923, stack(0x7dda3000,0x7de24000)]
  0x08510000 JavaThread "JDWP Command Reader" daemon [_thread_in_native, id=4919, stack(0x7de24000,0x7de75000)]
  0x7e2b9800 JavaThread "JDWP Event Helper Thread" daemon [_thread_blocked, id=4917, stack(0x7de75000,0x7dec6000)]
=>0x7e2b7000 JavaThread "JDWP Transport Listener: dt_socket" daemon [_thread_in_vm, id=4915, stack(0x7dec6000,0x7df17000)]
  0x7e2af400 JavaThread "Signal Dispatcher" daemon [_thread_blocked, id=4913, stack(0x7df17000,0x7df68000)]
  0x7e2a0800 JavaThread "Finalizer" daemon [_thread_blocked, id=4911, stack(0x7e318000,0x7e369000)]
  0x7e29f000 JavaThread "Reference Handler" daemon [_thread_blocked, id=4910, stack(0x7df68000,0x7dfb9000)]
  0x084ff000 JavaThread "main" [_thread_blocked, id=4903, stack(0xb775f000,0xb77b0000)]

Other Threads:
  0x7e29c000 VMThread [stack: 0x7dfb9000,0x7e03a000] [id=4909]
  0x7e2c3000 WatcherThread [stack: 0x7dc50000,0x7dcd1000] [id=4926]

VM state:not at safepoint (normal execution)

VM Mutex/Monitor currently owned by a thread: None

Heap
 PSYoungGen      total 13632K, used 1641K [0xa5050000, 0xa5f80000, 0xb4450000)
  eden space 11712K, 14% used [0xa5050000,0xa51ea498,0xa5bc0000)
  from space 1920K, 0% used [0xa5da0000,0xa5da0000,0xa5f80000)
  to   space 1920K, 0% used [0xa5bc0000,0xa5bc0000,0xa5da0000)
 PSOldGen        total 31232K, used 0K [0x86850000, 0x886d0000, 0xa5050000)
  object space 31232K, 0% used [0x86850000,0x86850000,0x886d0000)
 PSPermGen       total 16384K, used 2432K [0x7e850000, 0x7f850000, 0x86850000)
  object space 16384K, 14% used [0x7e850000,0x7eab0090,0x7f850000)

Code Cache  [0xb4516000, 0xb4756000, 0xb7516000)
 total_blobs=108 nmethods=11 adapters=60 free_code_cache=50015232 largest_free_block=12224

Dynamic libraries:
00110000-00111000 r-xp 00000000 00:00 0          [vdso]
00111000-0014f000 r-xp 00000000 08:06 673868     /usr/lib/jvm/java-6-openjdk/jre/lib/i386/libjdwp.so
0014f000-00150000 r--p 0003d000 08:06 673868     /usr/lib/jvm/java-6-openjdk/jre/lib/i386/libjdwp.so
00150000-00151000 rw-p 0003e000 08:06 673868     /usr/lib/jvm/java-6-openjdk/jre/lib/i386/libjdwp.so
00151000-00154000 r-xp 00000000 08:06 673854     /usr/lib/jvm/java-6-openjdk/jre/lib/i386/libnpt.so
00154000-00155000 r--p 00002000 08:06 673854     /usr/lib/jvm/java-6-openjdk/jre/lib/i386/libnpt.so
00155000-00156000 rw-p 00003000 08:06 673854     /usr/lib/jvm/java-6-openjdk/jre/lib/i386/libnpt.so
00156000-0015e000 r-xp 00000000 08:06 1973004    /lib/i386-linux-gnu/libnss_compat-2.13.so
0015e000-0015f000 r--p 00007000 08:06 1973004    /lib/i386-linux-gnu/libnss_compat-2.13.so
0015f000-00160000 rw-p 00008000 08:06 1973004    /lib/i386-linux-gnu/libnss_compat-2.13.so
00160000-0016a000 r-xp 00000000 08:06 1972996    /lib/i386-linux-gnu/libnss_nis-2.13.so
0016a000-0016b000 r--p 00009000 08:06 1972996    /lib/i386-linux-gnu/libnss_nis-2.13.so
0016b000-0016c000 rw-p 0000a000 08:06 1972996    /lib/i386-linux-gnu/libnss_nis-2.13.so
001ef000-00206000 r-xp 00000000 08:06 1973398    /lib/i386-linux-gnu/libpthread-2.13.so
00206000-00207000 r--p 00016000 08:06 1973398    /lib/i386-linux-gnu/libpthread-2.13.so
00207000-00208000 rw-p 00017000 08:06 1973398    /lib/i386-linux-gnu/libpthread-2.13.so
00208000-0020a000 rw-p 00000000 00:00 0 
0035b000-00362000 r-xp 00000000 08:06 673848     /usr/lib/jvm/java-6-openjdk/jre/lib/i386/libzip.so
00362000-00363000 r--p 00006000 08:06 673848     /usr/lib/jvm/java-6-openjdk/jre/lib/i386/libzip.so
00363000-00364000 rw-p 00007000 08:06 673848     /usr/lib/jvm/java-6-openjdk/jre/lib/i386/libzip.so
00520000-00527000 r-xp 00000000 08:06 1972811    /lib/i386-linux-gnu/librt-2.13.so
00527000-00528000 r--p 00006000 08:06 1972811    /lib/i386-linux-gnu/librt-2.13.so
00528000-00529000 rw-p 00007000 08:06 1972811    /lib/i386-linux-gnu/librt-2.13.so
005c1000-005c5000 r-xp 00000000 08:06 673866     /usr/lib/jvm/java-6-openjdk/jre/lib/i386/libdt_socket.so
005c5000-005c6000 r--p 00003000 08:06 673866     /usr/lib/jvm/java-6-openjdk/jre/lib/i386/libdt_socket.so
005c6000-005c7000 rw-p 00004000 08:06 673866     /usr/lib/jvm/java-6-openjdk/jre/lib/i386/libdt_socket.so
0067a000-00685000 r-xp 00000000 08:06 673853     /usr/lib/jvm/java-6-openjdk/jre/lib/i386/libverify.so
00685000-00686000 ---p 0000b000 08:06 673853     /usr/lib/jvm/java-6-openjdk/jre/lib/i386/libverify.so
00686000-00687000 r--p 0000b000 08:06 673853     /usr/lib/jvm/java-6-openjdk/jre/lib/i386/libverify.so
00687000-00688000 rw-p 0000c000 08:06 673853     /usr/lib/jvm/java-6-openjdk/jre/lib/i386/libverify.so
007ed000-007f8000 r-xp 00000000 08:06 1973626    /lib/i386-linux-gnu/libnss_files-2.13.so
007f8000-007f9000 r--p 0000a000 08:06 1973626    /lib/i386-linux-gnu/libnss_files-2.13.so
007f9000-007fa000 rw-p 0000b000 08:06 1973626    /lib/i386-linux-gnu/libnss_files-2.13.so
00833000-00837000 r-xp 00000000 08:06 1195322    /usr/lib/jvm/java-6-openjdk/jre/lib/i386/jli/libjli.so
00837000-00838000 r--p 00003000 08:06 1195322    /usr/lib/jvm/java-6-openjdk/jre/lib/i386/jli/libjli.so
00838000-00839000 rw-p 00004000 08:06 1195322    /usr/lib/jvm/java-6-openjdk/jre/lib/i386/jli/libjli.so
008e0000-008fe000 r-xp 00000000 08:06 1973561    /lib/i386-linux-gnu/ld-2.13.so
008fe000-008ff000 r--p 0001d000 08:06 1973561    /lib/i386-linux-gnu/ld-2.13.so
008ff000-00900000 rw-p 0001e000 08:06 1973561    /lib/i386-linux-gnu/ld-2.13.so
0090f000-009ed000 r-xp 00000000 08:06 398715     /usr/lib/i386-linux-gnu/libstdc++.so.6.0.16
009ed000-009ee000 ---p 000de000 08:06 398715     /usr/lib/i386-linux-gnu/libstdc++.so.6.0.16
009ee000-009f2000 r--p 000de000 08:06 398715     /usr/lib/i386-linux-gnu/libstdc++.so.6.0.16
009f2000-009f3000 rw-p 000e2000 08:06 398715     /usr/lib/i386-linux-gnu/libstdc++.so.6.0.16
009f3000-009fa000 rw-p 00000000 00:00 0 
00a37000-00a4c000 r-xp 00000000 08:06 1972858    /lib/i386-linux-gnu/libnsl-2.13.so
00a4c000-00a4d000 r--p 00015000 08:06 1972858    /lib/i386-linux-gnu/libnsl-2.13.so
00a4d000-00a4e000 rw-p 00016000 08:06 1972858    /lib/i386-linux-gnu/libnsl-2.13.so
00a4e000-00a50000 rw-p 00000000 00:00 0 
00a99000-00ac1000 r-xp 00000000 08:06 1973549    /lib/i386-linux-gnu/libm-2.13.so
00ac1000-00ac2000 r--p 00028000 08:06 1973549    /lib/i386-linux-gnu/libm-2.13.so
00ac2000-00ac3000 rw-p 00029000 08:06 1973549    /lib/i386-linux-gnu/libm-2.13.so
00ae6000-00b02000 r-xp 00000000 08:06 1967034    /lib/i386-linux-gnu/libgcc_s.so.1
00b02000-00b03000 r--p 0001b000 08:06 1967034    /lib/i386-linux-gnu/libgcc_s.so.1
00b03000-00b04000 rw-p 0001c000 08:06 1967034    /lib/i386-linux-gnu/libgcc_s.so.1
00bec000-00c12000 r-xp 00000000 08:06 673864     /usr/lib/jvm/java-6-openjdk/jre/lib/i386/libjava.so
00c12000-00c13000 r--p 00025000 08:06 673864     /usr/lib/jvm/java-6-openjdk/jre/lib/i386/libjava.so
00c13000-00c15000 rw-p 00026000 08:06 673864     /usr/lib/jvm/java-6-openjdk/jre/lib/i386/libjava.so
00ca5000-00e21000 r-xp 00000000 08:06 1967143    /lib/i386-linux-gnu/libc-2.13.so
00e21000-00e23000 r--p 0017c000 08:06 1967143    /lib/i386-linux-gnu/libc-2.13.so
00e23000-00e24000 rw-p 0017e000 08:06 1967143    /lib/i386-linux-gnu/libc-2.13.so
00e24000-00e27000 rw-p 00000000 00:00 0 
00ec4000-00ec7000 r-xp 00000000 08:06 1973542    /lib/i386-linux-gnu/libdl-2.13.so
00ec7000-00ec8000 r--p 00002000 08:06 1973542    /lib/i386-linux-gnu/libdl-2.13.so
00ec8000-00ec9000 rw-p 00003000 08:06 1973542    /lib/i386-linux-gnu/libdl-2.13.so
00f3a000-00f4d000 r-xp 00000000 08:06 1967096    /lib/i386-linux-gnu/libz.so.1.2.3.4
00f4d000-00f4e000 r--p 00012000 08:06 1967096    /lib/i386-linux-gnu/libz.so.1.2.3.4
00f4e000-00f4f000 rw-p 00013000 08:06 1967096    /lib/i386-linux-gnu/libz.so.1.2.3.4
00f4f000-0176f000 r-xp 00000000 08:06 1195317    /usr/lib/jvm/java-6-openjdk/jre/lib/i386/server/libjvm.so
0176f000-017b4000 r--p 0081f000 08:06 1195317    /usr/lib/jvm/java-6-openjdk/jre/lib/i386/server/libjvm.so
017b4000-017c3000 rw-p 00864000 08:06 1195317    /usr/lib/jvm/java-6-openjdk/jre/lib/i386/server/libjvm.so
017c3000-01bdd000 rw-p 00000000 00:00 0 
08048000-08051000 r-xp 00000000 08:06 673834     /usr/lib/jvm/java-6-openjdk/jre/bin/java
08051000-08052000 r--p 00008000 08:06 673834     /usr/lib/jvm/java-6-openjdk/jre/bin/java
08052000-08053000 rw-p 00009000 08:06 673834     /usr/lib/jvm/java-6-openjdk/jre/bin/java
084f6000-086fb000 rw-p 00000000 00:00 0          [heap]
7db00000-7db29000 rw-p 00000000 00:00 0 
7db29000-7dc00000 ---p 00000000 00:00 0 
7dc50000-7dc51000 ---p 00000000 00:00 0 
7dc51000-7dcd1000 rw-p 00000000 00:00 0 
7dcd1000-7dcd4000 ---p 00000000 00:00 0 
7dcd4000-7dd22000 rw-p 00000000 00:00 0 
7dd22000-7dd25000 ---p 00000000 00:00 0 
7dd25000-7dda3000 rw-p 00000000 00:00 0 
7dda3000-7dda6000 ---p 00000000 00:00 0 
7dda6000-7de24000 rw-p 00000000 00:00 0 
7de24000-7de27000 ---p 00000000 00:00 0 
7de27000-7de75000 rw-p 00000000 00:00 0 
7de75000-7de78000 ---p 00000000 00:00 0 
7de78000-7dec6000 rw-p 00000000 00:00 0 
7dec6000-7dec9000 ---p 00000000 00:00 0 
7dec9000-7df17000 rw-p 00000000 00:00 0 
7df17000-7df1a000 ---p 00000000 00:00 0 
7df1a000-7df68000 rw-p 00000000 00:00 0 
7df68000-7df6b000 ---p 00000000 00:00 0 
7df6b000-7dfb9000 rw-p 00000000 00:00 0 
7dfb9000-7dfba000 ---p 00000000 00:00 0 
7dfba000-7e06d000 rw-p 00000000 00:00 0 
7e06d000-7e200000 r--s 037db000 08:06 673842     /usr/lib/jvm/java-6-openjdk/jre/lib/rt.jar
7e200000-7e2fc000 rw-p 00000000 00:00 0 
7e2fc000-7e300000 ---p 00000000 00:00 0 
7e318000-7e31b000 ---p 00000000 00:00 0 
7e31b000-7e369000 rw-p 00000000 00:00 0 
7e369000-7e36a000 ---p 00000000 00:00 0 
7e36a000-7e3ea000 rw-p 00000000 00:00 0 
7e3ea000-7e3eb000 ---p 00000000 00:00 0 
7e3eb000-7e46b000 rw-p 00000000 00:00 0 
7e46b000-7e46c000 ---p 00000000 00:00 0 
7e46c000-7e4ec000 rw-p 00000000 00:00 0 
7e4ec000-7e4ed000 ---p 00000000 00:00 0 
7e4ed000-7e575000 rw-p 00000000 00:00 0 
7e575000-7e5ad000 rw-p 00000000 00:00 0 
7e5ad000-7e5bd000 rw-p 00000000 00:00 0 
7e5bd000-7e6a1000 rw-p 00000000 00:00 0 
7e6a1000-7e6a9000 rw-p 00000000 00:00 0 
7e6a9000-7e6e1000 rw-p 00000000 00:00 0 
7e6e1000-7e6f1000 rw-p 00000000 00:00 0 
7e6f1000-7e7d5000 rw-p 00000000 00:00 0 
7e7d5000-7e7dd000 rw-p 00000000 00:00 0 
7e7dd000-7e84f000 rw-p 00000000 00:00 0 
7e84f000-7f850000 rw-p 00000000 00:00 0 
7f850000-86850000 rw-p 00000000 00:00 0 
86850000-886d0000 rw-p 00000000 00:00 0 
886d0000-a5050000 rw-p 00000000 00:00 0 
a5050000-a5f80000 rw-p 00000000 00:00 0 
a5f80000-b4450000 rw-p 00000000 00:00 0 
b4456000-b445f000 rw-p 00000000 00:00 0 
b445f000-b4516000 rw-p 00000000 00:00 0 
b4516000-b4756000 rwxp 00000000 00:00 0 
b4756000-b7516000 rw-p 00000000 00:00 0 
b7516000-b751e000 rw-s 00000000 08:06 2772172    /tmp/hsperfdata_harshit/4898
b751e000-b751f000 r--p 0043a000 08:06 400335     /usr/lib/locale/locale-archive
b751f000-b755f000 r--p 002bd000 08:06 400335     /usr/lib/locale/locale-archive
b755f000-b775f000 r--p 00000000 08:06 400335     /usr/lib/locale/locale-archive
b775f000-b7762000 ---p 00000000 00:00 0 
b7762000-b77b3000 rw-p 00000000 00:00 0 
b77ba000-b77bd000 r--s 0007f000 08:06 673828     /usr/lib/jvm/java-6-openjdk/jre/lib/jsse.jar
b77bd000-b77c4000 r--s 00045000 08:06 1593839    /home/harshit/Desktop/.course/7thsemester/machine/JSci/classes/jsci-core.jar
b77c4000-b77c5000 r--s 00002000 08:06 1593834    /home/harshit/Desktop/.course/7thsemester/machine/JSci/classes/jsci-bio.jar
b77c5000-b77c7000 r--s 00000000 08:06 1593832    /home/harshit/Desktop/.course/7thsemester/machine/JSci/classes/jsci-beans.jar
b77c7000-b77c8000 r--s 00003000 08:06 1593831    /home/harshit/Desktop/.course/7thsemester/machine/JSci/classes/jsci-astro.jar
b77c8000-b77ca000 r--s 0000f000 08:06 1055313    /usr/lib/jvm/java-6-openjdk/jre/lib/ext/pulse-java.jar
b77ca000-b77cb000 rw-p 00000000 00:00 0 
b77cb000-b77cc000 r--p 00000000 00:00 0 
b77cc000-b77ce000 rw-p 00000000 00:00 0 
bfbb3000-bfbd4000 rw-p 00000000 00:00 0          [stack]

VM Arguments:
jvm_args: -agentlib:jdwp=transport=dt_socket,suspend=y,address=localhost:56603 -Dfile.encoding=UTF-8 
java_command: Assignment2
Launcher Type: SUN_STANDARD

Environment Variables:
PATH=/usr/lib/lightdm/lightdm:/usr/local/sbin:/usr/local/bin:/usr/sbin:/usr/bin:/sbin:/bin:/usr/games
USERNAME=harshit
LD_LIBRARY_PATH=/usr/lib/jvm/java-6-openjdk/jre/lib/i386/server:/usr/lib/jvm/java-6-openjdk/jre/lib/i386:/usr/lib/jvm/java-6-openjdk/jre/../lib/i386:/usr/lib/jvm/java-6-openjdk/jre/lib/i386/client:/usr/lib/jvm/java-6-openjdk/jre/lib/i386:
SHELL=/bin/bash
DISPLAY=:0

Signal Handlers:
SIGSEGV: [libjvm.so+0x66b7d0], sa_mask[0]=0x7ffbfeff, sa_flags=0x10000004
SIGBUS: [libjvm.so+0x66b7d0], sa_mask[0]=0x7ffbfeff, sa_flags=0x10000004
SIGFPE: [libjvm.so+0x52ebb0], sa_mask[0]=0x7ffbfeff, sa_flags=0x10000004
SIGPIPE: [libjvm.so+0x52ebb0], sa_mask[0]=0x7ffbfeff, sa_flags=0x10000004
SIGXFSZ: [libjvm.so+0x52ebb0], sa_mask[0]=0x7ffbfeff, sa_flags=0x10000004
SIGILL: [libjvm.so+0x52ebb0], sa_mask[0]=0x7ffbfeff, sa_flags=0x10000004
SIGUSR1: SIG_DFL, sa_mask[0]=0x00000000, sa_flags=0x00000000
SIGUSR2: [libjvm.so+0x52ea40], sa_mask[0]=0x00000004, sa_flags=0x10000004
SIGHUP: [libjvm.so+0x5319d0], sa_mask[0]=0x7ffbfeff, sa_flags=0x10000004
SIGINT: [libjvm.so+0x5319d0], sa_mask[0]=0x7ffbfeff, sa_flags=0x10000004
SIGTERM: [libjvm.so+0x5319d0], sa_mask[0]=0x7ffbfeff, sa_flags=0x10000004
SIGQUIT: [libjvm.so+0x5319d0], sa_mask[0]=0x7ffbfeff, sa_flags=0x10000004


---------------  S Y S T E M  ---------------

OS:Ubuntu 11.10 (oneiric)
uname:Linux 3.0.0-12-generic #20-Ubuntu SMP Fri Oct 7 14:50:42 UTC 2011 i686
libc:glibc 2.13 NPTL 2.13 
rlimit: STACK 8192k, CORE 0k, NPROC 23275, NOFILE 4096, AS infinity
load average:0.00 0.01 0.05

/proc/meminfo:
MemTotal:        2993336 kB
MemFree:          835420 kB
Buffers:          134644 kB
Cached:          1171648 kB
SwapCached:            0 kB
Active:          1327660 kB
Inactive:         715252 kB
Active(anon):    1092396 kB
Inactive(anon):    95316 kB
Active(file):     235264 kB
Inactive(file):   619936 kB
Unevictable:          68 kB
Mlocked:              68 kB
HighTotal:       2130500 kB
HighFree:         203292 kB
LowTotal:         862836 kB
LowFree:          632128 kB
SwapTotal:       8278012 kB
SwapFree:        8278012 kB
Dirty:               408 kB
Writeback:             0 kB
AnonPages:        736484 kB
Mapped:           167660 kB
Shmem:            450816 kB
Slab:              65712 kB
SReclaimable:      48296 kB
SUnreclaim:        17416 kB
KernelStack:        3784 kB
PageTables:         8792 kB
NFS_Unstable:          0 kB
Bounce:                0 kB
WritebackTmp:          0 kB
CommitLimit:     9774680 kB
Committed_AS:    3325944 kB
VmallocTotal:     122880 kB
VmallocUsed:       83644 kB
VmallocChunk:      26180 kB
HardwareCorrupted:     0 kB
AnonHugePages:         0 kB
HugePages_Total:       0
HugePages_Free:        0
HugePages_Rsvd:        0
HugePages_Surp:        0
Hugepagesize:       4096 kB
DirectMap4k:       16376 kB
DirectMap4M:      892928 kB


CPU:total 4 (2 cores per cpu, 2 threads per core) family 6 model 42 stepping 7, cmov, cx8, fxsr, mmx, sse, sse2, sse3, ssse3, sse4.1, sse4.2, popcnt, ht

Memory: 4k page, physical 2993336k(835420k free), swap 8278012k(8278012k free)

vm_info: OpenJDK Server VM (20.0-b12) for linux-x86 JRE (1.6.0_27-b27), built on Apr 25 2013 15:15:32 by "buildd" with gcc 4.6.1

time: Sat Sep 28 10:37:53 2013
elapsed time: 418 seconds

