#
# A fatal error has been detected by the Java Runtime Environment:
#
#  SIGSEGV (0xb) at pc=0x0119da8e, pid=4863, tid=2113690480
#
# JRE version: 6.0_27-b27
# Java VM: OpenJDK Server VM (20.0-b12 mixed mode linux-x86 )
# Derivative: IcedTea6 1.12.5
# Distribution: Ubuntu 11.10, package 6b27-1.12.5-0ubuntu0.11.10.1
# Problematic frame:
# V  [libjvm.so+0x3efa8e]  jvmti_IsMethodSynthetic+0x12e
#
# If you would like to submit a bug report, please include
# instructions how to reproduce the bug and visit:
#   https://bugs.launchpad.net/ubuntu/+source/openjdk-6/
#

---------------  T H R E A D  ---------------

Current thread (0x7e3b7400):  JavaThread "JDWP Transport Listener: dt_socket" daemon [_thread_in_vm, id=4879, stack(0x7df75000,0x7dfc6000)]

siginfo:si_signo=SIGSEGV: si_errno=0, si_code=1 (SEGV_MAPERR), si_addr=0x00000018

Registers:
EAX=0x00000018, EBX=0x01612ff4, ECX=0x00000018, EDX=0x7dfc4c1c
ESP=0x7dfc4bf0, EBP=0x00000063, ESI=0x7e3b7400, EDI=0x08b3f7e0
EIP=0x0119da8e, EFLAGS=0x00010206, CR2=0x00000018

Top of Stack: (sp=0x7dfc4bf0)
0x7dfc4bf0:   08b3f7e0 7e3b7400 00757ff4 00000000
0x7dfc4c00:   7dfc4d4c 007487ac 7dfc4c1c 7e3b7400
0x7dfc4c10:   7dfc4d4c 002a386f 00757ff4 7e3b7400
0x7dfc4c20:   00000000 00000000 00000000 7e3b7400
0x7dfc4c30:   08b3f7e0 7e3e4cb0 00000001 00757ff4
0x7dfc4c40:   7dfc4cbf 00758940 7dfc4c78 00742886
0x7dfc4c50:   08b3f7e0 00000018 7dfc4cbf 007379e1
0x7dfc4c60:   00000004 007487ac ffffffff 00757ff4 

Instructions: (pc=0x0119da8e)
0x0119da6e:   00 00 00 e9 18 ff ff ff 66 90 89 34 24 e8 30 52
0x0119da7e:   1b 00 eb e5 8b 4c 24 64 85 c9 74 0e 8b 44 24 64
0x0119da8e:   8b 08 81 f9 fe fe fe fe 75 31 bd 17 00 00 00 e9
0x0119da9e:   5f ff ff ff 8d b6 00 00 00 00 8b 93 c4 f3 ff ff 

Register to memory mapping:

EAX=0x00000018 is an unknown value
EBX=0x01612ff4: <offset 0x864ff4> in /usr/lib/jvm/java-6-openjdk/jre/lib/i386/server/libjvm.so at 0x00dae000
ECX=0x00000018 is an unknown value
EDX=0x7dfc4c1c is pointing into the stack for thread: 0x7e3b7400
ESP=0x7dfc4bf0 is pointing into the stack for thread: 0x7e3b7400
EBP=0x00000063 is an unknown value
ESI=0x7e3b7400 is a thread
EDI=0x08b3f7e0 is an unknown value


Stack: [0x7df75000,0x7dfc6000],  sp=0x7dfc4bf0,  free space=318k
Native frames: (J=compiled Java code, j=interpreted, Vv=VM code, C=native code)
V  [libjvm.so+0x3efa8e]  jvmti_IsMethodSynthetic+0x12e


---------------  P R O C E S S  ---------------

Java Threads: ( => current thread )
  0x7e3c0800 JavaThread "Low Memory Detector" daemon [_thread_blocked, id=4887, stack(0x7dd80000,0x7ddd1000)]
  0x7e3be800 JavaThread "C2 CompilerThread1" daemon [_thread_blocked, id=4886, stack(0x7ddd1000,0x7de52000)]
  0x7e3bd000 JavaThread "C2 CompilerThread0" daemon [_thread_blocked, id=4885, stack(0x7de52000,0x7ded3000)]
  0x08b53c00 JavaThread "JDWP Command Reader" daemon [_thread_in_native, id=4881, stack(0x7ded3000,0x7df24000)]
  0x7e3b9c00 JavaThread "JDWP Event Helper Thread" daemon [_thread_blocked, id=4880, stack(0x7df24000,0x7df75000)]
=>0x7e3b7400 JavaThread "JDWP Transport Listener: dt_socket" daemon [_thread_in_vm, id=4879, stack(0x7df75000,0x7dfc6000)]
  0x7e3af800 JavaThread "Signal Dispatcher" daemon [_thread_blocked, id=4877, stack(0x7dfc6000,0x7e017000)]
  0x7e3a0800 JavaThread "Finalizer" daemon [_thread_blocked, id=4876, stack(0x7e017000,0x7e068000)]
  0x7e39f000 JavaThread "Reference Handler" daemon [_thread_blocked, id=4875, stack(0x7e068000,0x7e0b9000)]
  0x08b43000 JavaThread "main" [_thread_blocked, id=4869, stack(0xb781e000,0xb786f000)]

Other Threads:
  0x7e39c400 VMThread [stack: 0x7e0b9000,0x7e13a000] [id=4874]
  0x7e3c2800 WatcherThread [stack: 0x7dcff000,0x7dd80000] [id=4888]

VM state:not at safepoint (normal execution)

VM Mutex/Monitor currently owned by a thread: None

Heap
 PSYoungGen      total 13632K, used 6803K [0xa5110000, 0xa6040000, 0xb4510000)
  eden space 11712K, 58% used [0xa5110000,0xa57b4e58,0xa5c80000)
  from space 1920K, 0% used [0xa5e60000,0xa5e60000,0xa6040000)
  to   space 1920K, 0% used [0xa5c80000,0xa5c80000,0xa5e60000)
 PSOldGen        total 31232K, used 0K [0x86910000, 0x88790000, 0xa5110000)
  object space 31232K, 0% used [0x86910000,0x86910000,0x88790000)
 PSPermGen       total 16384K, used 2433K [0x7e910000, 0x7f910000, 0x86910000)
  object space 16384K, 14% used [0x7e910000,0x7eb706d0,0x7f910000)

Code Cache  [0xb45d5000, 0xb4815000, 0xb75d5000)
 total_blobs=112 nmethods=15 adapters=60 free_code_cache=50013184 largest_free_block=12224

Dynamic libraries:
00110000-00123000 r-xp 00000000 08:06 1967096    /lib/i386-linux-gnu/libz.so.1.2.3.4
00123000-00124000 r--p 00012000 08:06 1967096    /lib/i386-linux-gnu/libz.so.1.2.3.4
00124000-00125000 rw-p 00013000 08:06 1967096    /lib/i386-linux-gnu/libz.so.1.2.3.4
00125000-0014d000 r-xp 00000000 08:06 1973549    /lib/i386-linux-gnu/libm-2.13.so
0014d000-0014e000 r--p 00028000 08:06 1973549    /lib/i386-linux-gnu/libm-2.13.so
0014e000-0014f000 rw-p 00029000 08:06 1973549    /lib/i386-linux-gnu/libm-2.13.so
0014f000-0016b000 r-xp 00000000 08:06 1967034    /lib/i386-linux-gnu/libgcc_s.so.1
0016b000-0016c000 r--p 0001b000 08:06 1967034    /lib/i386-linux-gnu/libgcc_s.so.1
0016c000-0016d000 rw-p 0001c000 08:06 1967034    /lib/i386-linux-gnu/libgcc_s.so.1
0016d000-00174000 r-xp 00000000 08:06 1972811    /lib/i386-linux-gnu/librt-2.13.so
00174000-00175000 r--p 00006000 08:06 1972811    /lib/i386-linux-gnu/librt-2.13.so
00175000-00176000 rw-p 00007000 08:06 1972811    /lib/i386-linux-gnu/librt-2.13.so
00176000-00179000 r-xp 00000000 08:06 673854     /usr/lib/jvm/java-6-openjdk/jre/lib/i386/libnpt.so
00179000-0017a000 r--p 00002000 08:06 673854     /usr/lib/jvm/java-6-openjdk/jre/lib/i386/libnpt.so
0017a000-0017b000 rw-p 00003000 08:06 673854     /usr/lib/jvm/java-6-openjdk/jre/lib/i386/libnpt.so
00183000-00184000 r-xp 00000000 00:00 0          [vdso]
00184000-00300000 r-xp 00000000 08:06 1967143    /lib/i386-linux-gnu/libc-2.13.so
00300000-00302000 r--p 0017c000 08:06 1967143    /lib/i386-linux-gnu/libc-2.13.so
00302000-00303000 rw-p 0017e000 08:06 1967143    /lib/i386-linux-gnu/libc-2.13.so
00303000-00306000 rw-p 00000000 00:00 0 
00306000-00311000 r-xp 00000000 08:06 673853     /usr/lib/jvm/java-6-openjdk/jre/lib/i386/libverify.so
00311000-00312000 ---p 0000b000 08:06 673853     /usr/lib/jvm/java-6-openjdk/jre/lib/i386/libverify.so
00312000-00313000 r--p 0000b000 08:06 673853     /usr/lib/jvm/java-6-openjdk/jre/lib/i386/libverify.so
00313000-00314000 rw-p 0000c000 08:06 673853     /usr/lib/jvm/java-6-openjdk/jre/lib/i386/libverify.so
00373000-00377000 r-xp 00000000 08:06 1195322    /usr/lib/jvm/java-6-openjdk/jre/lib/i386/jli/libjli.so
00377000-00378000 r--p 00003000 08:06 1195322    /usr/lib/jvm/java-6-openjdk/jre/lib/i386/jli/libjli.so
00378000-00379000 rw-p 00004000 08:06 1195322    /usr/lib/jvm/java-6-openjdk/jre/lib/i386/jli/libjli.so
0044b000-00452000 r-xp 00000000 08:06 673848     /usr/lib/jvm/java-6-openjdk/jre/lib/i386/libzip.so
00452000-00453000 r--p 00006000 08:06 673848     /usr/lib/jvm/java-6-openjdk/jre/lib/i386/libzip.so
00453000-00454000 rw-p 00007000 08:06 673848     /usr/lib/jvm/java-6-openjdk/jre/lib/i386/libzip.so
0055f000-0063d000 r-xp 00000000 08:06 398715     /usr/lib/i386-linux-gnu/libstdc++.so.6.0.16
0063d000-0063e000 ---p 000de000 08:06 398715     /usr/lib/i386-linux-gnu/libstdc++.so.6.0.16
0063e000-00642000 r--p 000de000 08:06 398715     /usr/lib/i386-linux-gnu/libstdc++.so.6.0.16
00642000-00643000 rw-p 000e2000 08:06 398715     /usr/lib/i386-linux-gnu/libstdc++.so.6.0.16
00643000-0064a000 rw-p 00000000 00:00 0 
00719000-00757000 r-xp 00000000 08:06 673868     /usr/lib/jvm/java-6-openjdk/jre/lib/i386/libjdwp.so
00757000-00758000 r--p 0003d000 08:06 673868     /usr/lib/jvm/java-6-openjdk/jre/lib/i386/libjdwp.so
00758000-00759000 rw-p 0003e000 08:06 673868     /usr/lib/jvm/java-6-openjdk/jre/lib/i386/libjdwp.so
007d6000-007da000 r-xp 00000000 08:06 673866     /usr/lib/jvm/java-6-openjdk/jre/lib/i386/libdt_socket.so
007da000-007db000 r--p 00003000 08:06 673866     /usr/lib/jvm/java-6-openjdk/jre/lib/i386/libdt_socket.so
007db000-007dc000 rw-p 00004000 08:06 673866     /usr/lib/jvm/java-6-openjdk/jre/lib/i386/libdt_socket.so
00821000-00829000 r-xp 00000000 08:06 1973004    /lib/i386-linux-gnu/libnss_compat-2.13.so
00829000-0082a000 r--p 00007000 08:06 1973004    /lib/i386-linux-gnu/libnss_compat-2.13.so
0082a000-0082b000 rw-p 00008000 08:06 1973004    /lib/i386-linux-gnu/libnss_compat-2.13.so
00924000-0093b000 r-xp 00000000 08:06 1973398    /lib/i386-linux-gnu/libpthread-2.13.so
0093b000-0093c000 r--p 00016000 08:06 1973398    /lib/i386-linux-gnu/libpthread-2.13.so
0093c000-0093d000 rw-p 00017000 08:06 1973398    /lib/i386-linux-gnu/libpthread-2.13.so
0093d000-0093f000 rw-p 00000000 00:00 0 
0093f000-00949000 r-xp 00000000 08:06 1972996    /lib/i386-linux-gnu/libnss_nis-2.13.so
00949000-0094a000 r--p 00009000 08:06 1972996    /lib/i386-linux-gnu/libnss_nis-2.13.so
0094a000-0094b000 rw-p 0000a000 08:06 1972996    /lib/i386-linux-gnu/libnss_nis-2.13.so
009a9000-009be000 r-xp 00000000 08:06 1972858    /lib/i386-linux-gnu/libnsl-2.13.so
009be000-009bf000 r--p 00015000 08:06 1972858    /lib/i386-linux-gnu/libnsl-2.13.so
009bf000-009c0000 rw-p 00016000 08:06 1972858    /lib/i386-linux-gnu/libnsl-2.13.so
009c0000-009c2000 rw-p 00000000 00:00 0 
009d7000-009e2000 r-xp 00000000 08:06 1973626    /lib/i386-linux-gnu/libnss_files-2.13.so
009e2000-009e3000 r--p 0000a000 08:06 1973626    /lib/i386-linux-gnu/libnss_files-2.13.so
009e3000-009e4000 rw-p 0000b000 08:06 1973626    /lib/i386-linux-gnu/libnss_files-2.13.so
00ae2000-00ae5000 r-xp 00000000 08:06 1973542    /lib/i386-linux-gnu/libdl-2.13.so
00ae5000-00ae6000 r--p 00002000 08:06 1973542    /lib/i386-linux-gnu/libdl-2.13.so
00ae6000-00ae7000 rw-p 00003000 08:06 1973542    /lib/i386-linux-gnu/libdl-2.13.so
00c52000-00c78000 r-xp 00000000 08:06 673864     /usr/lib/jvm/java-6-openjdk/jre/lib/i386/libjava.so
00c78000-00c79000 r--p 00025000 08:06 673864     /usr/lib/jvm/java-6-openjdk/jre/lib/i386/libjava.so
00c79000-00c7b000 rw-p 00026000 08:06 673864     /usr/lib/jvm/java-6-openjdk/jre/lib/i386/libjava.so
00d8e000-00dac000 r-xp 00000000 08:06 1973561    /lib/i386-linux-gnu/ld-2.13.so
00dac000-00dad000 r--p 0001d000 08:06 1973561    /lib/i386-linux-gnu/ld-2.13.so
00dad000-00dae000 rw-p 0001e000 08:06 1973561    /lib/i386-linux-gnu/ld-2.13.so
00dae000-015ce000 r-xp 00000000 08:06 1195317    /usr/lib/jvm/java-6-openjdk/jre/lib/i386/server/libjvm.so
015ce000-01613000 r--p 0081f000 08:06 1195317    /usr/lib/jvm/java-6-openjdk/jre/lib/i386/server/libjvm.so
01613000-01622000 rw-p 00864000 08:06 1195317    /usr/lib/jvm/java-6-openjdk/jre/lib/i386/server/libjvm.so
01622000-01a3c000 rw-p 00000000 00:00 0 
08048000-08051000 r-xp 00000000 08:06 673834     /usr/lib/jvm/java-6-openjdk/jre/bin/java
08051000-08052000 r--p 00008000 08:06 673834     /usr/lib/jvm/java-6-openjdk/jre/bin/java
08052000-08053000 rw-p 00009000 08:06 673834     /usr/lib/jvm/java-6-openjdk/jre/bin/java
08b3a000-08ccb000 rw-p 00000000 00:00 0          [heap]
7db00000-7db21000 rw-p 00000000 00:00 0 
7db21000-7dc00000 ---p 00000000 00:00 0 
7dcff000-7dd00000 ---p 00000000 00:00 0 
7dd00000-7dd80000 rw-p 00000000 00:00 0 
7dd80000-7dd83000 ---p 00000000 00:00 0 
7dd83000-7ddd1000 rw-p 00000000 00:00 0 
7ddd1000-7ddd4000 ---p 00000000 00:00 0 
7ddd4000-7de52000 rw-p 00000000 00:00 0 
7de52000-7de55000 ---p 00000000 00:00 0 
7de55000-7ded3000 rw-p 00000000 00:00 0 
7ded3000-7ded6000 ---p 00000000 00:00 0 
7ded6000-7df24000 rw-p 00000000 00:00 0 
7df24000-7df27000 ---p 00000000 00:00 0 
7df27000-7df75000 rw-p 00000000 00:00 0 
7df75000-7df78000 ---p 00000000 00:00 0 
7df78000-7dfc6000 rw-p 00000000 00:00 0 
7dfc6000-7dfc9000 ---p 00000000 00:00 0 
7dfc9000-7e017000 rw-p 00000000 00:00 0 
7e017000-7e01a000 ---p 00000000 00:00 0 
7e01a000-7e068000 rw-p 00000000 00:00 0 
7e068000-7e06b000 ---p 00000000 00:00 0 
7e06b000-7e0b9000 rw-p 00000000 00:00 0 
7e0b9000-7e0ba000 ---p 00000000 00:00 0 
7e0ba000-7e16d000 rw-p 00000000 00:00 0 
7e16d000-7e300000 r--s 037db000 08:06 673842     /usr/lib/jvm/java-6-openjdk/jre/lib/rt.jar
7e300000-7e400000 rw-p 00000000 00:00 0 
7e429000-7e42a000 ---p 00000000 00:00 0 
7e42a000-7e4aa000 rw-p 00000000 00:00 0 
7e4aa000-7e4ab000 ---p 00000000 00:00 0 
7e4ab000-7e52b000 rw-p 00000000 00:00 0 
7e52b000-7e52c000 ---p 00000000 00:00 0 
7e52c000-7e5ac000 rw-p 00000000 00:00 0 
7e5ac000-7e5ad000 ---p 00000000 00:00 0 
7e5ad000-7e635000 rw-p 00000000 00:00 0 
7e635000-7e66d000 rw-p 00000000 00:00 0 
7e66d000-7e67d000 rw-p 00000000 00:00 0 
7e67d000-7e761000 rw-p 00000000 00:00 0 
7e761000-7e769000 rw-p 00000000 00:00 0 
7e769000-7e7a1000 rw-p 00000000 00:00 0 
7e7a1000-7e7b1000 rw-p 00000000 00:00 0 
7e7b1000-7e895000 rw-p 00000000 00:00 0 
7e895000-7e89d000 rw-p 00000000 00:00 0 
7e89d000-7e90f000 rw-p 00000000 00:00 0 
7e90f000-7f910000 rw-p 00000000 00:00 0 
7f910000-86910000 rw-p 00000000 00:00 0 
86910000-88790000 rw-p 00000000 00:00 0 
88790000-a5110000 rw-p 00000000 00:00 0 
a5110000-a6040000 rw-p 00000000 00:00 0 
a6040000-b4510000 rw-p 00000000 00:00 0 
b4515000-b451e000 rw-p 00000000 00:00 0 
b451e000-b45d5000 rw-p 00000000 00:00 0 
b45d5000-b4815000 rwxp 00000000 00:00 0 
b4815000-b75d5000 rw-p 00000000 00:00 0 
b75d5000-b75dd000 rw-s 00000000 08:06 2772171    /tmp/hsperfdata_harshit/4863
b75dd000-b75de000 r--p 0043a000 08:06 400335     /usr/lib/locale/locale-archive
b75de000-b761e000 r--p 002bd000 08:06 400335     /usr/lib/locale/locale-archive
b761e000-b781e000 r--p 00000000 08:06 400335     /usr/lib/locale/locale-archive
b781e000-b7821000 ---p 00000000 00:00 0 
b7821000-b7872000 rw-p 00000000 00:00 0 
b7879000-b787c000 r--s 0007f000 08:06 673828     /usr/lib/jvm/java-6-openjdk/jre/lib/jsse.jar
b787c000-b7883000 r--s 00045000 08:06 1593839    /home/harshit/Desktop/.course/7thsemester/machine/JSci/classes/jsci-core.jar
b7883000-b7884000 r--s 00002000 08:06 1593834    /home/harshit/Desktop/.course/7thsemester/machine/JSci/classes/jsci-bio.jar
b7884000-b7886000 r--s 00000000 08:06 1593832    /home/harshit/Desktop/.course/7thsemester/machine/JSci/classes/jsci-beans.jar
b7886000-b7887000 r--s 00003000 08:06 1593831    /home/harshit/Desktop/.course/7thsemester/machine/JSci/classes/jsci-astro.jar
b7887000-b7889000 r--s 0000f000 08:06 1055313    /usr/lib/jvm/java-6-openjdk/jre/lib/ext/pulse-java.jar
b7889000-b788a000 rw-p 00000000 00:00 0 
b788a000-b788b000 r--p 00000000 00:00 0 
b788b000-b788d000 rw-p 00000000 00:00 0 
bffb6000-bffd7000 rw-p 00000000 00:00 0          [stack]

VM Arguments:
jvm_args: -agentlib:jdwp=transport=dt_socket,suspend=y,address=localhost:40084 -Dfile.encoding=UTF-8 
java_command: Assignment2
Launcher Type: SUN_STANDARD

Environment Variables:
PATH=/usr/lib/lightdm/lightdm:/usr/local/sbin:/usr/local/bin:/usr/sbin:/usr/bin:/sbin:/bin:/usr/games
USERNAME=harshit
LD_LIBRARY_PATH=/usr/lib/jvm/java-6-openjdk/jre/lib/i386/server:/usr/lib/jvm/java-6-openjdk/jre/lib/i386:/usr/lib/jvm/java-6-openjdk/jre/../lib/i386:/usr/lib/jvm/java-6-openjdk/jre/lib/i386/client:/usr/lib/jvm/java-6-openjdk/jre/lib/i386:
SHELL=/bin/bash
DISPLAY=:0

Signal Handlers:
SIGSEGV: [libjvm.so+0x66b7d0], sa_mask[0]=0x7ffbfeff, sa_flags=0x10000004
SIGBUS: [libjvm.so+0x66b7d0], sa_mask[0]=0x7ffbfeff, sa_flags=0x10000004
SIGFPE: [libjvm.so+0x52ebb0], sa_mask[0]=0x7ffbfeff, sa_flags=0x10000004
SIGPIPE: [libjvm.so+0x52ebb0], sa_mask[0]=0x7ffbfeff, sa_flags=0x10000004
SIGXFSZ: [libjvm.so+0x52ebb0], sa_mask[0]=0x7ffbfeff, sa_flags=0x10000004
SIGILL: [libjvm.so+0x52ebb0], sa_mask[0]=0x7ffbfeff, sa_flags=0x10000004
SIGUSR1: SIG_DFL, sa_mask[0]=0x00000000, sa_flags=0x00000000
SIGUSR2: [libjvm.so+0x52ea40], sa_mask[0]=0x00000004, sa_flags=0x10000004
SIGHUP: [libjvm.so+0x5319d0], sa_mask[0]=0x7ffbfeff, sa_flags=0x10000004
SIGINT: [libjvm.so+0x5319d0], sa_mask[0]=0x7ffbfeff, sa_flags=0x10000004
SIGTERM: [libjvm.so+0x5319d0], sa_mask[0]=0x7ffbfeff, sa_flags=0x10000004
SIGQUIT: [libjvm.so+0x5319d0], sa_mask[0]=0x7ffbfeff, sa_flags=0x10000004


---------------  S Y S T E M  ---------------

OS:Ubuntu 11.10 (oneiric)
uname:Linux 3.0.0-12-generic #20-Ubuntu SMP Fri Oct 7 14:50:42 UTC 2011 i686
libc:glibc 2.13 NPTL 2.13 
rlimit: STACK 8192k, CORE 0k, NPROC 23275, NOFILE 4096, AS infinity
load average:0.00 0.01 0.05

/proc/meminfo:
MemTotal:        2993336 kB
MemFree:          823668 kB
Buffers:          134644 kB
Cached:          1171648 kB
SwapCached:            0 kB
Active:          1338316 kB
Inactive:         716880 kB
Active(anon):    1104680 kB
Inactive(anon):    95316 kB
Active(file):     233636 kB
Inactive(file):   621564 kB
Unevictable:          68 kB
Mlocked:              68 kB
HighTotal:       2130500 kB
HighFree:         191636 kB
LowTotal:         862836 kB
LowFree:          632032 kB
SwapTotal:       8278012 kB
SwapFree:        8278012 kB
Dirty:               408 kB
Writeback:             0 kB
AnonPages:        748804 kB
Mapped:           167660 kB
Shmem:            450816 kB
Slab:              65712 kB
SReclaimable:      48296 kB
SUnreclaim:        17416 kB
KernelStack:        3784 kB
PageTables:         8792 kB
NFS_Unstable:          0 kB
Bounce:                0 kB
WritebackTmp:          0 kB
CommitLimit:     9774680 kB
Committed_AS:    3405168 kB
VmallocTotal:     122880 kB
VmallocUsed:       83644 kB
VmallocChunk:      26180 kB
HardwareCorrupted:     0 kB
AnonHugePages:         0 kB
HugePages_Total:       0
HugePages_Free:        0
HugePages_Rsvd:        0
HugePages_Surp:        0
Hugepagesize:       4096 kB
DirectMap4k:       16376 kB
DirectMap4M:      892928 kB


CPU:total 4 (2 cores per cpu, 2 threads per core) family 6 model 42 stepping 7, cmov, cx8, fxsr, mmx, sse, sse2, sse3, ssse3, sse4.1, sse4.2, popcnt, ht

Memory: 4k page, physical 2993336k(823668k free), swap 8278012k(8278012k free)

vm_info: OpenJDK Server VM (20.0-b12) for linux-x86 JRE (1.6.0_27-b27), built on Apr 25 2013 15:15:32 by "buildd" with gcc 4.6.1

time: Sat Sep 28 10:37:53 2013
elapsed time: 437 seconds

